YCSB Client 0.1
Command line: -db com.yahoo.ycsb.db.MongoDbClient -s -P ../YCSB/ycsb-mongodb/workloads/workloada -p  mongodb.url=mongodb://172.31.26.152:27017,172.31.18.215:27017,172.31.27.18:27017/?replicaSet=rs0 -p insertcount=1000 -p insertstart=0 -p recordcount=1000 -load
[WORKLOAD], READ, 0.5%.
[WORKLOAD], UPDATE, 0.5%.
DEBUG mongo connection created to mongodb://localhost:27017
[OVERALL], RunTime(ms), 222.0
[OVERALL], Throughput(ops/sec), 0.0
[CLEANUP], Operations, 1
[CLEANUP], AverageLatency(us), 5699.0
[CLEANUP], MinLatency(us), 5699
[CLEANUP], MaxLatency(us), 5699
[CLEANUP], 95thPercentileLatency(us), 5690
[CLEANUP], 99thPercentileLatency(us), 5690
[CLEANUP], 0us, 0
[CLEANUP], 10us, 0
[CLEANUP], 20us, 0
[CLEANUP], 30us, 0
[CLEANUP], 40us, 0
[CLEANUP], 50us, 0
[CLEANUP], 60us, 0
[CLEANUP], 70us, 0
[CLEANUP], 80us, 0
[CLEANUP], 90us, 0
[CLEANUP], 100us, 0
[CLEANUP], 110us, 0
[CLEANUP], 120us, 0
[CLEANUP], 130us, 0
[CLEANUP], 140us, 0
[CLEANUP], 150us, 0
[CLEANUP], 160us, 0
[CLEANUP], 170us, 0
[CLEANUP], 180us, 0
[CLEANUP], 190us, 0
[CLEANUP], 200us, 0
[CLEANUP], 210us, 0
[CLEANUP], 220us, 0
[CLEANUP], 230us, 0
[CLEANUP], 240us, 0
[CLEANUP], 250us, 0
[CLEANUP], 260us, 0
[CLEANUP], 270us, 0
[CLEANUP], 280us, 0
[CLEANUP], 290us, 0
[CLEANUP], 300us, 0
[CLEANUP], 310us, 0
[CLEANUP], 320us, 0
[CLEANUP], 330us, 0
[CLEANUP], 340us, 0
[CLEANUP], 350us, 0
[CLEANUP], 360us, 0
[CLEANUP], 370us, 0
[CLEANUP], 380us, 0
[CLEANUP], 390us, 0
[CLEANUP], 400us, 0
[CLEANUP], 410us, 0
[CLEANUP], 420us, 0
[CLEANUP], 430us, 0
[CLEANUP], 440us, 0
[CLEANUP], 450us, 0
[CLEANUP], 460us, 0
[CLEANUP], 470us, 0
[CLEANUP], 480us, 0
[CLEANUP], 490us, 0
[CLEANUP], 500us, 0
[CLEANUP], 510us, 0
[CLEANUP], 520us, 0
[CLEANUP], 530us, 0
[CLEANUP], 540us, 0
[CLEANUP], 550us, 0
[CLEANUP], 560us, 0
[CLEANUP], 570us, 0
[CLEANUP], 580us, 0
[CLEANUP], 590us, 0
[CLEANUP], 600us, 0
[CLEANUP], 610us, 0
[CLEANUP], 620us, 0
[CLEANUP], 630us, 0
[CLEANUP], 640us, 0
[CLEANUP], 650us, 0
[CLEANUP], 660us, 0
[CLEANUP], 670us, 0
[CLEANUP], 680us, 0
[CLEANUP], 690us, 0
[CLEANUP], 700us, 0
[CLEANUP], 710us, 0
[CLEANUP], 720us, 0
[CLEANUP], 730us, 0
[CLEANUP], 740us, 0
[CLEANUP], 750us, 0
[CLEANUP], 760us, 0
[CLEANUP], 770us, 0
[CLEANUP], 780us, 0
[CLEANUP], 790us, 0
[CLEANUP], 800us, 0
[CLEANUP], 810us, 0
[CLEANUP], 820us, 0
[CLEANUP], 830us, 0
[CLEANUP], 840us, 0
[CLEANUP], 850us, 0
[CLEANUP], 860us, 0
[CLEANUP], 870us, 0
[CLEANUP], 880us, 0
[CLEANUP], 890us, 0
[CLEANUP], 900us, 0
[CLEANUP], 910us, 0
[CLEANUP], 920us, 0
[CLEANUP], 930us, 0
[CLEANUP], 940us, 0
[CLEANUP], 950us, 0
[CLEANUP], 960us, 0
[CLEANUP], 970us, 0
[CLEANUP], 980us, 0
[CLEANUP], 990us, 0
[CLEANUP], 1000us, 0
[CLEANUP], 1010us, 0
[CLEANUP], 1020us, 0
[CLEANUP], 1030us, 0
[CLEANUP], 1040us, 0
[CLEANUP], 1050us, 0
[CLEANUP], 1060us, 0
[CLEANUP], 1070us, 0
[CLEANUP], 1080us, 0
[CLEANUP], 1090us, 0
[CLEANUP], 1100us, 0
[CLEANUP], 1110us, 0
[CLEANUP], 1120us, 0
[CLEANUP], 1130us, 0
[CLEANUP], 1140us, 0
[CLEANUP], 1150us, 0
[CLEANUP], 1160us, 0
[CLEANUP], 1170us, 0
[CLEANUP], 1180us, 0
[CLEANUP], 1190us, 0
[CLEANUP], 1200us, 0
[CLEANUP], 1210us, 0
[CLEANUP], 1220us, 0
[CLEANUP], 1230us, 0
[CLEANUP], 1240us, 0
[CLEANUP], 1250us, 0
[CLEANUP], 1260us, 0
[CLEANUP], 1270us, 0
[CLEANUP], 1280us, 0
[CLEANUP], 1290us, 0
[CLEANUP], 1300us, 0
[CLEANUP], 1310us, 0
[CLEANUP], 1320us, 0
[CLEANUP], 1330us, 0
[CLEANUP], 1340us, 0
[CLEANUP], 1350us, 0
[CLEANUP], 1360us, 0
[CLEANUP], 1370us, 0
[CLEANUP], 1380us, 0
[CLEANUP], 1390us, 0
[CLEANUP], 1400us, 0
[CLEANUP], 1410us, 0
[CLEANUP], 1420us, 0
[CLEANUP], 1430us, 0
[CLEANUP], 1440us, 0
[CLEANUP], 1450us, 0
[CLEANUP], 1460us, 0
[CLEANUP], 1470us, 0
[CLEANUP], 1480us, 0
[CLEANUP], 1490us, 0
[CLEANUP], 1500us, 0
[CLEANUP], 1510us, 0
[CLEANUP], 1520us, 0
[CLEANUP], 1530us, 0
[CLEANUP], 1540us, 0
[CLEANUP], 1550us, 0
[CLEANUP], 1560us, 0
[CLEANUP], 1570us, 0
[CLEANUP], 1580us, 0
[CLEANUP], 1590us, 0
[CLEANUP], 1600us, 0
[CLEANUP], 1610us, 0
[CLEANUP], 1620us, 0
[CLEANUP], 1630us, 0
[CLEANUP], 1640us, 0
[CLEANUP], 1650us, 0
[CLEANUP], 1660us, 0
[CLEANUP], 1670us, 0
[CLEANUP], 1680us, 0
[CLEANUP], 1690us, 0
[CLEANUP], 1700us, 0
[CLEANUP], 1710us, 0
[CLEANUP], 1720us, 0
[CLEANUP], 1730us, 0
[CLEANUP], 1740us, 0
[CLEANUP], 1750us, 0
[CLEANUP], 1760us, 0
[CLEANUP], 1770us, 0
[CLEANUP], 1780us, 0
[CLEANUP], 1790us, 0
[CLEANUP], 1800us, 0
[CLEANUP], 1810us, 0
[CLEANUP], 1820us, 0
[CLEANUP], 1830us, 0
[CLEANUP], 1840us, 0
[CLEANUP], 1850us, 0
[CLEANUP], 1860us, 0
[CLEANUP], 1870us, 0
[CLEANUP], 1880us, 0
[CLEANUP], 1890us, 0
[CLEANUP], 1900us, 0
[CLEANUP], 1910us, 0
[CLEANUP], 1920us, 0
[CLEANUP], 1930us, 0
[CLEANUP], 1940us, 0
[CLEANUP], 1950us, 0
[CLEANUP], 1960us, 0
[CLEANUP], 1970us, 0
[CLEANUP], 1980us, 0
[CLEANUP], 1990us, 0
[CLEANUP], 2000us, 0
[CLEANUP], 2010us, 0
[CLEANUP], 2020us, 0
[CLEANUP], 2030us, 0
[CLEANUP], 2040us, 0
[CLEANUP], 2050us, 0
[CLEANUP], 2060us, 0
[CLEANUP], 2070us, 0
[CLEANUP], 2080us, 0
[CLEANUP], 2090us, 0
[CLEANUP], 2100us, 0
[CLEANUP], 2110us, 0
[CLEANUP], 2120us, 0
[CLEANUP], 2130us, 0
[CLEANUP], 2140us, 0
[CLEANUP], 2150us, 0
[CLEANUP], 2160us, 0
[CLEANUP], 2170us, 0
[CLEANUP], 2180us, 0
[CLEANUP], 2190us, 0
[CLEANUP], 2200us, 0
[CLEANUP], 2210us, 0
[CLEANUP], 2220us, 0
[CLEANUP], 2230us, 0
[CLEANUP], 2240us, 0
[CLEANUP], 2250us, 0
[CLEANUP], 2260us, 0
[CLEANUP], 2270us, 0
[CLEANUP], 2280us, 0
[CLEANUP], 2290us, 0
[CLEANUP], 2300us, 0
[CLEANUP], 2310us, 0
[CLEANUP], 2320us, 0
[CLEANUP], 2330us, 0
[CLEANUP], 2340us, 0
[CLEANUP], 2350us, 0
[CLEANUP], 2360us, 0
[CLEANUP], 2370us, 0
[CLEANUP], 2380us, 0
[CLEANUP], 2390us, 0
[CLEANUP], 2400us, 0
[CLEANUP], 2410us, 0
[CLEANUP], 2420us, 0
[CLEANUP], 2430us, 0
[CLEANUP], 2440us, 0
[CLEANUP], 2450us, 0
[CLEANUP], 2460us, 0
[CLEANUP], 2470us, 0
[CLEANUP], 2480us, 0
[CLEANUP], 2490us, 0
[CLEANUP], 2500us, 0
[CLEANUP], 2510us, 0
[CLEANUP], 2520us, 0
[CLEANUP], 2530us, 0
[CLEANUP], 2540us, 0
[CLEANUP], 2550us, 0
[CLEANUP], 2560us, 0
[CLEANUP], 2570us, 0
[CLEANUP], 2580us, 0
[CLEANUP], 2590us, 0
[CLEANUP], 2600us, 0
[CLEANUP], 2610us, 0
[CLEANUP], 2620us, 0
[CLEANUP], 2630us, 0
[CLEANUP], 2640us, 0
[CLEANUP], 2650us, 0
[CLEANUP], 2660us, 0
[CLEANUP], 2670us, 0
[CLEANUP], 2680us, 0
[CLEANUP], 2690us, 0
[CLEANUP], 2700us, 0
[CLEANUP], 2710us, 0
[CLEANUP], 2720us, 0
[CLEANUP], 2730us, 0
[CLEANUP], 2740us, 0
[CLEANUP], 2750us, 0
[CLEANUP], 2760us, 0
[CLEANUP], 2770us, 0
[CLEANUP], 2780us, 0
[CLEANUP], 2790us, 0
[CLEANUP], 2800us, 0
[CLEANUP], 2810us, 0
[CLEANUP], 2820us, 0
[CLEANUP], 2830us, 0
[CLEANUP], 2840us, 0
[CLEANUP], 2850us, 0
[CLEANUP], 2860us, 0
[CLEANUP], 2870us, 0
[CLEANUP], 2880us, 0
[CLEANUP], 2890us, 0
[CLEANUP], 2900us, 0
[CLEANUP], 2910us, 0
[CLEANUP], 2920us, 0
[CLEANUP], 2930us, 0
[CLEANUP], 2940us, 0
[CLEANUP], 2950us, 0
[CLEANUP], 2960us, 0
[CLEANUP], 2970us, 0
[CLEANUP], 2980us, 0
[CLEANUP], 2990us, 0
[CLEANUP], 3000us, 0
[CLEANUP], 3010us, 0
[CLEANUP], 3020us, 0
[CLEANUP], 3030us, 0
[CLEANUP], 3040us, 0
[CLEANUP], 3050us, 0
[CLEANUP], 3060us, 0
[CLEANUP], 3070us, 0
[CLEANUP], 3080us, 0
[CLEANUP], 3090us, 0
[CLEANUP], 3100us, 0
[CLEANUP], 3110us, 0
[CLEANUP], 3120us, 0
[CLEANUP], 3130us, 0
[CLEANUP], 3140us, 0
[CLEANUP], 3150us, 0
[CLEANUP], 3160us, 0
[CLEANUP], 3170us, 0
[CLEANUP], 3180us, 0
[CLEANUP], 3190us, 0
[CLEANUP], 3200us, 0
[CLEANUP], 3210us, 0
[CLEANUP], 3220us, 0
[CLEANUP], 3230us, 0
[CLEANUP], 3240us, 0
[CLEANUP], 3250us, 0
[CLEANUP], 3260us, 0
[CLEANUP], 3270us, 0
[CLEANUP], 3280us, 0
[CLEANUP], 3290us, 0
[CLEANUP], 3300us, 0
[CLEANUP], 3310us, 0
[CLEANUP], 3320us, 0
[CLEANUP], 3330us, 0
[CLEANUP], 3340us, 0
[CLEANUP], 3350us, 0
[CLEANUP], 3360us, 0
[CLEANUP], 3370us, 0
[CLEANUP], 3380us, 0
[CLEANUP], 3390us, 0
[CLEANUP], 3400us, 0
[CLEANUP], 3410us, 0
[CLEANUP], 3420us, 0
[CLEANUP], 3430us, 0
[CLEANUP], 3440us, 0
[CLEANUP], 3450us, 0
[CLEANUP], 3460us, 0
[CLEANUP], 3470us, 0
[CLEANUP], 3480us, 0
[CLEANUP], 3490us, 0
[CLEANUP], 3500us, 0
[CLEANUP], 3510us, 0
[CLEANUP], 3520us, 0
[CLEANUP], 3530us, 0
[CLEANUP], 3540us, 0
[CLEANUP], 3550us, 0
[CLEANUP], 3560us, 0
[CLEANUP], 3570us, 0
[CLEANUP], 3580us, 0
[CLEANUP], 3590us, 0
[CLEANUP], 3600us, 0
[CLEANUP], 3610us, 0
[CLEANUP], 3620us, 0
[CLEANUP], 3630us, 0
[CLEANUP], 3640us, 0
[CLEANUP], 3650us, 0
[CLEANUP], 3660us, 0
[CLEANUP], 3670us, 0
[CLEANUP], 3680us, 0
[CLEANUP], 3690us, 0
[CLEANUP], 3700us, 0
[CLEANUP], 3710us, 0
[CLEANUP], 3720us, 0
[CLEANUP], 3730us, 0
[CLEANUP], 3740us, 0
[CLEANUP], 3750us, 0
[CLEANUP], 3760us, 0
[CLEANUP], 3770us, 0
[CLEANUP], 3780us, 0
[CLEANUP], 3790us, 0
[CLEANUP], 3800us, 0
[CLEANUP], 3810us, 0
[CLEANUP], 3820us, 0
[CLEANUP], 3830us, 0
[CLEANUP], 3840us, 0
[CLEANUP], 3850us, 0
[CLEANUP], 3860us, 0
[CLEANUP], 3870us, 0
[CLEANUP], 3880us, 0
[CLEANUP], 3890us, 0
[CLEANUP], 3900us, 0
[CLEANUP], 3910us, 0
[CLEANUP], 3920us, 0
[CLEANUP], 3930us, 0
[CLEANUP], 3940us, 0
[CLEANUP], 3950us, 0
[CLEANUP], 3960us, 0
[CLEANUP], 3970us, 0
[CLEANUP], 3980us, 0
[CLEANUP], 3990us, 0
[CLEANUP], 4000us, 0
[CLEANUP], 4010us, 0
[CLEANUP], 4020us, 0
[CLEANUP], 4030us, 0
[CLEANUP], 4040us, 0
[CLEANUP], 4050us, 0
[CLEANUP], 4060us, 0
[CLEANUP], 4070us, 0
[CLEANUP], 4080us, 0
[CLEANUP], 4090us, 0
[CLEANUP], 4100us, 0
[CLEANUP], 4110us, 0
[CLEANUP], 4120us, 0
[CLEANUP], 4130us, 0
[CLEANUP], 4140us, 0
[CLEANUP], 4150us, 0
[CLEANUP], 4160us, 0
[CLEANUP], 4170us, 0
[CLEANUP], 4180us, 0
[CLEANUP], 4190us, 0
[CLEANUP], 4200us, 0
[CLEANUP], 4210us, 0
[CLEANUP], 4220us, 0
[CLEANUP], 4230us, 0
[CLEANUP], 4240us, 0
[CLEANUP], 4250us, 0
[CLEANUP], 4260us, 0
[CLEANUP], 4270us, 0
[CLEANUP], 4280us, 0
[CLEANUP], 4290us, 0
[CLEANUP], 4300us, 0
[CLEANUP], 4310us, 0
[CLEANUP], 4320us, 0
[CLEANUP], 4330us, 0
[CLEANUP], 4340us, 0
[CLEANUP], 4350us, 0
[CLEANUP], 4360us, 0
[CLEANUP], 4370us, 0
[CLEANUP], 4380us, 0
[CLEANUP], 4390us, 0
[CLEANUP], 4400us, 0
[CLEANUP], 4410us, 0
[CLEANUP], 4420us, 0
[CLEANUP], 4430us, 0
[CLEANUP], 4440us, 0
[CLEANUP], 4450us, 0
[CLEANUP], 4460us, 0
[CLEANUP], 4470us, 0
[CLEANUP], 4480us, 0
[CLEANUP], 4490us, 0
[CLEANUP], 4500us, 0
[CLEANUP], 4510us, 0
[CLEANUP], 4520us, 0
[CLEANUP], 4530us, 0
[CLEANUP], 4540us, 0
[CLEANUP], 4550us, 0
[CLEANUP], 4560us, 0
[CLEANUP], 4570us, 0
[CLEANUP], 4580us, 0
[CLEANUP], 4590us, 0
[CLEANUP], 4600us, 0
[CLEANUP], 4610us, 0
[CLEANUP], 4620us, 0
[CLEANUP], 4630us, 0
[CLEANUP], 4640us, 0
[CLEANUP], 4650us, 0
[CLEANUP], 4660us, 0
[CLEANUP], 4670us, 0
[CLEANUP], 4680us, 0
[CLEANUP], 4690us, 0
[CLEANUP], 4700us, 0
[CLEANUP], 4710us, 0
[CLEANUP], 4720us, 0
[CLEANUP], 4730us, 0
[CLEANUP], 4740us, 0
[CLEANUP], 4750us, 0
[CLEANUP], 4760us, 0
[CLEANUP], 4770us, 0
[CLEANUP], 4780us, 0
[CLEANUP], 4790us, 0
[CLEANUP], 4800us, 0
[CLEANUP], 4810us, 0
[CLEANUP], 4820us, 0
[CLEANUP], 4830us, 0
[CLEANUP], 4840us, 0
[CLEANUP], 4850us, 0
[CLEANUP], 4860us, 0
[CLEANUP], 4870us, 0
[CLEANUP], 4880us, 0
[CLEANUP], 4890us, 0
[CLEANUP], 4900us, 0
[CLEANUP], 4910us, 0
[CLEANUP], 4920us, 0
[CLEANUP], 4930us, 0
[CLEANUP], 4940us, 0
[CLEANUP], 4950us, 0
[CLEANUP], 4960us, 0
[CLEANUP], 4970us, 0
[CLEANUP], 4980us, 0
[CLEANUP], 4990us, 0
[CLEANUP], 5000us, 0
[CLEANUP], 5010us, 0
[CLEANUP], 5020us, 0
[CLEANUP], 5030us, 0
[CLEANUP], 5040us, 0
[CLEANUP], 5050us, 0
[CLEANUP], 5060us, 0
[CLEANUP], 5070us, 0
[CLEANUP], 5080us, 0
[CLEANUP], 5090us, 0
[CLEANUP], 5100us, 0
[CLEANUP], 5110us, 0
[CLEANUP], 5120us, 0
[CLEANUP], 5130us, 0
[CLEANUP], 5140us, 0
[CLEANUP], 5150us, 0
[CLEANUP], 5160us, 0
[CLEANUP], 5170us, 0
[CLEANUP], 5180us, 0
[CLEANUP], 5190us, 0
[CLEANUP], 5200us, 0
[CLEANUP], 5210us, 0
[CLEANUP], 5220us, 0
[CLEANUP], 5230us, 0
[CLEANUP], 5240us, 0
[CLEANUP], 5250us, 0
[CLEANUP], 5260us, 0
[CLEANUP], 5270us, 0
[CLEANUP], 5280us, 0
[CLEANUP], 5290us, 0
[CLEANUP], 5300us, 0
[CLEANUP], 5310us, 0
[CLEANUP], 5320us, 0
[CLEANUP], 5330us, 0
[CLEANUP], 5340us, 0
[CLEANUP], 5350us, 0
[CLEANUP], 5360us, 0
[CLEANUP], 5370us, 0
[CLEANUP], 5380us, 0
[CLEANUP], 5390us, 0
[CLEANUP], 5400us, 0
[CLEANUP], 5410us, 0
[CLEANUP], 5420us, 0
[CLEANUP], 5430us, 0
[CLEANUP], 5440us, 0
[CLEANUP], 5450us, 0
[CLEANUP], 5460us, 0
[CLEANUP], 5470us, 0
[CLEANUP], 5480us, 0
[CLEANUP], 5490us, 0
[CLEANUP], 5500us, 0
[CLEANUP], 5510us, 0
[CLEANUP], 5520us, 0
[CLEANUP], 5530us, 0
[CLEANUP], 5540us, 0
[CLEANUP], 5550us, 0
[CLEANUP], 5560us, 0
[CLEANUP], 5570us, 0
[CLEANUP], 5580us, 0
[CLEANUP], 5590us, 0
[CLEANUP], 5600us, 0
[CLEANUP], 5610us, 0
[CLEANUP], 5620us, 0
[CLEANUP], 5630us, 0
[CLEANUP], 5640us, 0
[CLEANUP], 5650us, 0
[CLEANUP], 5660us, 0
[CLEANUP], 5670us, 0
[CLEANUP], 5680us, 0
[CLEANUP], 5690us, 1
[CLEANUP], 5700us, 0
[CLEANUP], 5710us, 0
[CLEANUP], 5720us, 0
[CLEANUP], 5730us, 0
[CLEANUP], 5740us, 0
[CLEANUP], 5750us, 0
[CLEANUP], 5760us, 0
[CLEANUP], 5770us, 0
[CLEANUP], 5780us, 0
[CLEANUP], 5790us, 0
[CLEANUP], 5800us, 0
[CLEANUP], 5810us, 0
[CLEANUP], 5820us, 0
[CLEANUP], 5830us, 0
[CLEANUP], 5840us, 0
[CLEANUP], 5850us, 0
[CLEANUP], 5860us, 0
[CLEANUP], 5870us, 0
[CLEANUP], 5880us, 0
[CLEANUP], 5890us, 0
[CLEANUP], 5900us, 0
[CLEANUP], 5910us, 0
[CLEANUP], 5920us, 0
[CLEANUP], 5930us, 0
[CLEANUP], 5940us, 0
[CLEANUP], 5950us, 0
[CLEANUP], 5960us, 0
[CLEANUP], 5970us, 0
[CLEANUP], 5980us, 0
[CLEANUP], 5990us, 0
[CLEANUP], 6000us, 0
[CLEANUP], 6010us, 0
[CLEANUP], 6020us, 0
[CLEANUP], 6030us, 0
[CLEANUP], 6040us, 0
[CLEANUP], 6050us, 0
[CLEANUP], 6060us, 0
[CLEANUP], 6070us, 0
[CLEANUP], 6080us, 0
[CLEANUP], 6090us, 0
[CLEANUP], 6100us, 0
[CLEANUP], 6110us, 0
[CLEANUP], 6120us, 0
[CLEANUP], 6130us, 0
[CLEANUP], 6140us, 0
[CLEANUP], 6150us, 0
[CLEANUP], 6160us, 0
[CLEANUP], 6170us, 0
[CLEANUP], 6180us, 0
[CLEANUP], 6190us, 0
[CLEANUP], 6200us, 0
[CLEANUP], 6210us, 0
[CLEANUP], 6220us, 0
[CLEANUP], 6230us, 0
[CLEANUP], 6240us, 0
[CLEANUP], 6250us, 0
[CLEANUP], 6260us, 0
[CLEANUP], 6270us, 0
[CLEANUP], 6280us, 0
[CLEANUP], 6290us, 0
[CLEANUP], 6300us, 0
[CLEANUP], 6310us, 0
[CLEANUP], 6320us, 0
[CLEANUP], 6330us, 0
[CLEANUP], 6340us, 0
[CLEANUP], 6350us, 0
[CLEANUP], 6360us, 0
[CLEANUP], 6370us, 0
[CLEANUP], 6380us, 0
[CLEANUP], 6390us, 0
[CLEANUP], 6400us, 0
[CLEANUP], 6410us, 0
[CLEANUP], 6420us, 0
[CLEANUP], 6430us, 0
[CLEANUP], 6440us, 0
[CLEANUP], 6450us, 0
[CLEANUP], 6460us, 0
[CLEANUP], 6470us, 0
[CLEANUP], 6480us, 0
[CLEANUP], 6490us, 0
[CLEANUP], 6500us, 0
[CLEANUP], 6510us, 0
[CLEANUP], 6520us, 0
[CLEANUP], 6530us, 0
[CLEANUP], 6540us, 0
[CLEANUP], 6550us, 0
[CLEANUP], 6560us, 0
[CLEANUP], 6570us, 0
[CLEANUP], 6580us, 0
[CLEANUP], 6590us, 0
[CLEANUP], 6600us, 0
[CLEANUP], 6610us, 0
[CLEANUP], 6620us, 0
[CLEANUP], 6630us, 0
[CLEANUP], 6640us, 0
[CLEANUP], 6650us, 0
[CLEANUP], 6660us, 0
[CLEANUP], 6670us, 0
[CLEANUP], 6680us, 0
[CLEANUP], 6690us, 0
[CLEANUP], 6700us, 0
[CLEANUP], 6710us, 0
[CLEANUP], 6720us, 0
[CLEANUP], 6730us, 0
[CLEANUP], 6740us, 0
[CLEANUP], 6750us, 0
[CLEANUP], 6760us, 0
[CLEANUP], 6770us, 0
[CLEANUP], 6780us, 0
[CLEANUP], 6790us, 0
[CLEANUP], 6800us, 0
[CLEANUP], 6810us, 0
[CLEANUP], 6820us, 0
[CLEANUP], 6830us, 0
[CLEANUP], 6840us, 0
[CLEANUP], 6850us, 0
[CLEANUP], 6860us, 0
[CLEANUP], 6870us, 0
[CLEANUP], 6880us, 0
[CLEANUP], 6890us, 0
[CLEANUP], 6900us, 0
[CLEANUP], 6910us, 0
[CLEANUP], 6920us, 0
[CLEANUP], 6930us, 0
[CLEANUP], 6940us, 0
[CLEANUP], 6950us, 0
[CLEANUP], 6960us, 0
[CLEANUP], 6970us, 0
[CLEANUP], 6980us, 0
[CLEANUP], 6990us, 0
[CLEANUP], 7000us, 0
[CLEANUP], 7010us, 0
[CLEANUP], 7020us, 0
[CLEANUP], 7030us, 0
[CLEANUP], 7040us, 0
[CLEANUP], 7050us, 0
[CLEANUP], 7060us, 0
[CLEANUP], 7070us, 0
[CLEANUP], 7080us, 0
[CLEANUP], 7090us, 0
[CLEANUP], 7100us, 0
[CLEANUP], 7110us, 0
[CLEANUP], 7120us, 0
[CLEANUP], 7130us, 0
[CLEANUP], 7140us, 0
[CLEANUP], 7150us, 0
[CLEANUP], 7160us, 0
[CLEANUP], 7170us, 0
[CLEANUP], 7180us, 0
[CLEANUP], 7190us, 0
[CLEANUP], 7200us, 0
[CLEANUP], 7210us, 0
[CLEANUP], 7220us, 0
[CLEANUP], 7230us, 0
[CLEANUP], 7240us, 0
[CLEANUP], 7250us, 0
[CLEANUP], 7260us, 0
[CLEANUP], 7270us, 0
[CLEANUP], 7280us, 0
[CLEANUP], 7290us, 0
[CLEANUP], 7300us, 0
[CLEANUP], 7310us, 0
[CLEANUP], 7320us, 0
[CLEANUP], 7330us, 0
[CLEANUP], 7340us, 0
[CLEANUP], 7350us, 0
[CLEANUP], 7360us, 0
[CLEANUP], 7370us, 0
[CLEANUP], 7380us, 0
[CLEANUP], 7390us, 0
[CLEANUP], 7400us, 0
[CLEANUP], 7410us, 0
[CLEANUP], 7420us, 0
[CLEANUP], 7430us, 0
[CLEANUP], 7440us, 0
[CLEANUP], 7450us, 0
[CLEANUP], 7460us, 0
[CLEANUP], 7470us, 0
[CLEANUP], 7480us, 0
[CLEANUP], 7490us, 0
[CLEANUP], 7500us, 0
[CLEANUP], 7510us, 0
[CLEANUP], 7520us, 0
[CLEANUP], 7530us, 0
[CLEANUP], 7540us, 0
[CLEANUP], 7550us, 0
[CLEANUP], 7560us, 0
[CLEANUP], 7570us, 0
[CLEANUP], 7580us, 0
[CLEANUP], 7590us, 0
[CLEANUP], 7600us, 0
[CLEANUP], 7610us, 0
[CLEANUP], 7620us, 0
[CLEANUP], 7630us, 0
[CLEANUP], 7640us, 0
[CLEANUP], 7650us, 0
[CLEANUP], 7660us, 0
[CLEANUP], 7670us, 0
[CLEANUP], 7680us, 0
[CLEANUP], 7690us, 0
[CLEANUP], 7700us, 0
[CLEANUP], 7710us, 0
[CLEANUP], 7720us, 0
[CLEANUP], 7730us, 0
[CLEANUP], 7740us, 0
[CLEANUP], 7750us, 0
[CLEANUP], 7760us, 0
[CLEANUP], 7770us, 0
[CLEANUP], 7780us, 0
[CLEANUP], 7790us, 0
[CLEANUP], 7800us, 0
[CLEANUP], 7810us, 0
[CLEANUP], 7820us, 0
[CLEANUP], 7830us, 0
[CLEANUP], 7840us, 0
[CLEANUP], 7850us, 0
[CLEANUP], 7860us, 0
[CLEANUP], 7870us, 0
[CLEANUP], 7880us, 0
[CLEANUP], 7890us, 0
[CLEANUP], 7900us, 0
[CLEANUP], 7910us, 0
[CLEANUP], 7920us, 0
[CLEANUP], 7930us, 0
[CLEANUP], 7940us, 0
[CLEANUP], 7950us, 0
[CLEANUP], 7960us, 0
[CLEANUP], 7970us, 0
[CLEANUP], 7980us, 0
[CLEANUP], 7990us, 0
[CLEANUP], 8000us, 0
[CLEANUP], 8010us, 0
[CLEANUP], 8020us, 0
[CLEANUP], 8030us, 0
[CLEANUP], 8040us, 0
[CLEANUP], 8050us, 0
[CLEANUP], 8060us, 0
[CLEANUP], 8070us, 0
[CLEANUP], 8080us, 0
[CLEANUP], 8090us, 0
[CLEANUP], 8100us, 0
[CLEANUP], 8110us, 0
[CLEANUP], 8120us, 0
[CLEANUP], 8130us, 0
[CLEANUP], 8140us, 0
[CLEANUP], 8150us, 0
[CLEANUP], 8160us, 0
[CLEANUP], 8170us, 0
[CLEANUP], 8180us, 0
[CLEANUP], 8190us, 0
[CLEANUP], 8200us, 0
[CLEANUP], 8210us, 0
[CLEANUP], 8220us, 0
[CLEANUP], 8230us, 0
[CLEANUP], 8240us, 0
[CLEANUP], 8250us, 0
[CLEANUP], 8260us, 0
[CLEANUP], 8270us, 0
[CLEANUP], 8280us, 0
[CLEANUP], 8290us, 0
[CLEANUP], 8300us, 0
[CLEANUP], 8310us, 0
[CLEANUP], 8320us, 0
[CLEANUP], 8330us, 0
[CLEANUP], 8340us, 0
[CLEANUP], 8350us, 0
[CLEANUP], 8360us, 0
[CLEANUP], 8370us, 0
[CLEANUP], 8380us, 0
[CLEANUP], 8390us, 0
[CLEANUP], 8400us, 0
[CLEANUP], 8410us, 0
[CLEANUP], 8420us, 0
[CLEANUP], 8430us, 0
[CLEANUP], 8440us, 0
[CLEANUP], 8450us, 0
[CLEANUP], 8460us, 0
[CLEANUP], 8470us, 0
[CLEANUP], 8480us, 0
[CLEANUP], 8490us, 0
[CLEANUP], 8500us, 0
[CLEANUP], 8510us, 0
[CLEANUP], 8520us, 0
[CLEANUP], 8530us, 0
[CLEANUP], 8540us, 0
[CLEANUP], 8550us, 0
[CLEANUP], 8560us, 0
[CLEANUP], 8570us, 0
[CLEANUP], 8580us, 0
[CLEANUP], 8590us, 0
[CLEANUP], 8600us, 0
[CLEANUP], 8610us, 0
[CLEANUP], 8620us, 0
[CLEANUP], 8630us, 0
[CLEANUP], 8640us, 0
[CLEANUP], 8650us, 0
[CLEANUP], 8660us, 0
[CLEANUP], 8670us, 0
[CLEANUP], 8680us, 0
[CLEANUP], 8690us, 0
[CLEANUP], 8700us, 0
[CLEANUP], 8710us, 0
[CLEANUP], 8720us, 0
[CLEANUP], 8730us, 0
[CLEANUP], 8740us, 0
[CLEANUP], 8750us, 0
[CLEANUP], 8760us, 0
[CLEANUP], 8770us, 0
[CLEANUP], 8780us, 0
[CLEANUP], 8790us, 0
[CLEANUP], 8800us, 0
[CLEANUP], 8810us, 0
[CLEANUP], 8820us, 0
[CLEANUP], 8830us, 0
[CLEANUP], 8840us, 0
[CLEANUP], 8850us, 0
[CLEANUP], 8860us, 0
[CLEANUP], 8870us, 0
[CLEANUP], 8880us, 0
[CLEANUP], 8890us, 0
[CLEANUP], 8900us, 0
[CLEANUP], 8910us, 0
[CLEANUP], 8920us, 0
[CLEANUP], 8930us, 0
[CLEANUP], 8940us, 0
[CLEANUP], 8950us, 0
[CLEANUP], 8960us, 0
[CLEANUP], 8970us, 0
[CLEANUP], 8980us, 0
[CLEANUP], 8990us, 0
[CLEANUP], 9000us, 0
[CLEANUP], 9010us, 0
[CLEANUP], 9020us, 0
[CLEANUP], 9030us, 0
[CLEANUP], 9040us, 0
[CLEANUP], 9050us, 0
[CLEANUP], 9060us, 0
[CLEANUP], 9070us, 0
[CLEANUP], 9080us, 0
[CLEANUP], 9090us, 0
[CLEANUP], 9100us, 0
[CLEANUP], 9110us, 0
[CLEANUP], 9120us, 0
[CLEANUP], 9130us, 0
[CLEANUP], 9140us, 0
[CLEANUP], 9150us, 0
[CLEANUP], 9160us, 0
[CLEANUP], 9170us, 0
[CLEANUP], 9180us, 0
[CLEANUP], 9190us, 0
[CLEANUP], 9200us, 0
[CLEANUP], 9210us, 0
[CLEANUP], 9220us, 0
[CLEANUP], 9230us, 0
[CLEANUP], 9240us, 0
[CLEANUP], 9250us, 0
[CLEANUP], 9260us, 0
[CLEANUP], 9270us, 0
[CLEANUP], 9280us, 0
[CLEANUP], 9290us, 0
[CLEANUP], 9300us, 0
[CLEANUP], 9310us, 0
[CLEANUP], 9320us, 0
[CLEANUP], 9330us, 0
[CLEANUP], 9340us, 0
[CLEANUP], 9350us, 0
[CLEANUP], 9360us, 0
[CLEANUP], 9370us, 0
[CLEANUP], 9380us, 0
[CLEANUP], 9390us, 0
[CLEANUP], 9400us, 0
[CLEANUP], 9410us, 0
[CLEANUP], 9420us, 0
[CLEANUP], 9430us, 0
[CLEANUP], 9440us, 0
[CLEANUP], 9450us, 0
[CLEANUP], 9460us, 0
[CLEANUP], 9470us, 0
[CLEANUP], 9480us, 0
[CLEANUP], 9490us, 0
[CLEANUP], 9500us, 0
[CLEANUP], 9510us, 0
[CLEANUP], 9520us, 0
[CLEANUP], 9530us, 0
[CLEANUP], 9540us, 0
[CLEANUP], 9550us, 0
[CLEANUP], 9560us, 0
[CLEANUP], 9570us, 0
[CLEANUP], 9580us, 0
[CLEANUP], 9590us, 0
[CLEANUP], 9600us, 0
[CLEANUP], 9610us, 0
[CLEANUP], 9620us, 0
[CLEANUP], 9630us, 0
[CLEANUP], 9640us, 0
[CLEANUP], 9650us, 0
[CLEANUP], 9660us, 0
[CLEANUP], 9670us, 0
[CLEANUP], 9680us, 0
[CLEANUP], 9690us, 0
[CLEANUP], 9700us, 0
[CLEANUP], 9710us, 0
[CLEANUP], 9720us, 0
[CLEANUP], 9730us, 0
[CLEANUP], 9740us, 0
[CLEANUP], 9750us, 0
[CLEANUP], 9760us, 0
[CLEANUP], 9770us, 0
[CLEANUP], 9780us, 0
[CLEANUP], 9790us, 0
[CLEANUP], 9800us, 0
[CLEANUP], 9810us, 0
[CLEANUP], 9820us, 0
[CLEANUP], 9830us, 0
[CLEANUP], 9840us, 0
[CLEANUP], 9850us, 0
[CLEANUP], 9860us, 0
[CLEANUP], 9870us, 0
[CLEANUP], 9880us, 0
[CLEANUP], 9890us, 0
[CLEANUP], 9900us, 0
[CLEANUP], 9910us, 0
[CLEANUP], 9920us, 0
[CLEANUP], 9930us, 0
[CLEANUP], 9940us, 0
[CLEANUP], 9950us, 0
[CLEANUP], 9960us, 0
[CLEANUP], 9970us, 0
[CLEANUP], 9980us, 0
[CLEANUP], 9990us, 0
[CLEANUP], >1000, 0
[INSERT], Operations, 1
[INSERT], AverageLatency(us), 88979.0
[INSERT], MinLatency(us), 88979
[INSERT], MaxLatency(us), 88979
[INSERT], Return=1, 1
[INSERT], 0us, 0
[INSERT], 10us, 0
[INSERT], 20us, 0
[INSERT], 30us, 0
[INSERT], 40us, 0
[INSERT], 50us, 0
[INSERT], 60us, 0
[INSERT], 70us, 0
[INSERT], 80us, 0
[INSERT], 90us, 0
[INSERT], 100us, 0
[INSERT], 110us, 0
[INSERT], 120us, 0
[INSERT], 130us, 0
[INSERT], 140us, 0
[INSERT], 150us, 0
[INSERT], 160us, 0
[INSERT], 170us, 0
[INSERT], 180us, 0
[INSERT], 190us, 0
[INSERT], 200us, 0
[INSERT], 210us, 0
[INSERT], 220us, 0
[INSERT], 230us, 0
[INSERT], 240us, 0
[INSERT], 250us, 0
[INSERT], 260us, 0
[INSERT], 270us, 0
[INSERT], 280us, 0
[INSERT], 290us, 0
[INSERT], 300us, 0
[INSERT], 310us, 0
[INSERT], 320us, 0
[INSERT], 330us, 0
[INSERT], 340us, 0
[INSERT], 350us, 0
[INSERT], 360us, 0
[INSERT], 370us, 0
[INSERT], 380us, 0
[INSERT], 390us, 0
[INSERT], 400us, 0
[INSERT], 410us, 0
[INSERT], 420us, 0
[INSERT], 430us, 0
[INSERT], 440us, 0
[INSERT], 450us, 0
[INSERT], 460us, 0
[INSERT], 470us, 0
[INSERT], 480us, 0
[INSERT], 490us, 0
[INSERT], 500us, 0
[INSERT], 510us, 0
[INSERT], 520us, 0
[INSERT], 530us, 0
[INSERT], 540us, 0
[INSERT], 550us, 0
[INSERT], 560us, 0
[INSERT], 570us, 0
[INSERT], 580us, 0
[INSERT], 590us, 0
[INSERT], 600us, 0
[INSERT], 610us, 0
[INSERT], 620us, 0
[INSERT], 630us, 0
[INSERT], 640us, 0
[INSERT], 650us, 0
[INSERT], 660us, 0
[INSERT], 670us, 0
[INSERT], 680us, 0
[INSERT], 690us, 0
[INSERT], 700us, 0
[INSERT], 710us, 0
[INSERT], 720us, 0
[INSERT], 730us, 0
[INSERT], 740us, 0
[INSERT], 750us, 0
[INSERT], 760us, 0
[INSERT], 770us, 0
[INSERT], 780us, 0
[INSERT], 790us, 0
[INSERT], 800us, 0
[INSERT], 810us, 0
[INSERT], 820us, 0
[INSERT], 830us, 0
[INSERT], 840us, 0
[INSERT], 850us, 0
[INSERT], 860us, 0
[INSERT], 870us, 0
[INSERT], 880us, 0
[INSERT], 890us, 0
[INSERT], 900us, 0
[INSERT], 910us, 0
[INSERT], 920us, 0
[INSERT], 930us, 0
[INSERT], 940us, 0
[INSERT], 950us, 0
[INSERT], 960us, 0
[INSERT], 970us, 0
[INSERT], 980us, 0
[INSERT], 990us, 0
[INSERT], 1000us, 0
[INSERT], 1010us, 0
[INSERT], 1020us, 0
[INSERT], 1030us, 0
[INSERT], 1040us, 0
[INSERT], 1050us, 0
[INSERT], 1060us, 0
[INSERT], 1070us, 0
[INSERT], 1080us, 0
[INSERT], 1090us, 0
[INSERT], 1100us, 0
[INSERT], 1110us, 0
[INSERT], 1120us, 0
[INSERT], 1130us, 0
[INSERT], 1140us, 0
[INSERT], 1150us, 0
[INSERT], 1160us, 0
[INSERT], 1170us, 0
[INSERT], 1180us, 0
[INSERT], 1190us, 0
[INSERT], 1200us, 0
[INSERT], 1210us, 0
[INSERT], 1220us, 0
[INSERT], 1230us, 0
[INSERT], 1240us, 0
[INSERT], 1250us, 0
[INSERT], 1260us, 0
[INSERT], 1270us, 0
[INSERT], 1280us, 0
[INSERT], 1290us, 0
[INSERT], 1300us, 0
[INSERT], 1310us, 0
[INSERT], 1320us, 0
[INSERT], 1330us, 0
[INSERT], 1340us, 0
[INSERT], 1350us, 0
[INSERT], 1360us, 0
[INSERT], 1370us, 0
[INSERT], 1380us, 0
[INSERT], 1390us, 0
[INSERT], 1400us, 0
[INSERT], 1410us, 0
[INSERT], 1420us, 0
[INSERT], 1430us, 0
[INSERT], 1440us, 0
[INSERT], 1450us, 0
[INSERT], 1460us, 0
[INSERT], 1470us, 0
[INSERT], 1480us, 0
[INSERT], 1490us, 0
[INSERT], 1500us, 0
[INSERT], 1510us, 0
[INSERT], 1520us, 0
[INSERT], 1530us, 0
[INSERT], 1540us, 0
[INSERT], 1550us, 0
[INSERT], 1560us, 0
[INSERT], 1570us, 0
[INSERT], 1580us, 0
[INSERT], 1590us, 0
[INSERT], 1600us, 0
[INSERT], 1610us, 0
[INSERT], 1620us, 0
[INSERT], 1630us, 0
[INSERT], 1640us, 0
[INSERT], 1650us, 0
[INSERT], 1660us, 0
[INSERT], 1670us, 0
[INSERT], 1680us, 0
[INSERT], 1690us, 0
[INSERT], 1700us, 0
[INSERT], 1710us, 0
[INSERT], 1720us, 0
[INSERT], 1730us, 0
[INSERT], 1740us, 0
[INSERT], 1750us, 0
[INSERT], 1760us, 0
[INSERT], 1770us, 0
[INSERT], 1780us, 0
[INSERT], 1790us, 0
[INSERT], 1800us, 0
[INSERT], 1810us, 0
[INSERT], 1820us, 0
[INSERT], 1830us, 0
[INSERT], 1840us, 0
[INSERT], 1850us, 0
[INSERT], 1860us, 0
[INSERT], 1870us, 0
[INSERT], 1880us, 0
[INSERT], 1890us, 0
[INSERT], 1900us, 0
[INSERT], 1910us, 0
[INSERT], 1920us, 0
[INSERT], 1930us, 0
[INSERT], 1940us, 0
[INSERT], 1950us, 0
[INSERT], 1960us, 0
[INSERT], 1970us, 0
[INSERT], 1980us, 0
[INSERT], 1990us, 0
[INSERT], 2000us, 0
[INSERT], 2010us, 0
[INSERT], 2020us, 0
[INSERT], 2030us, 0
[INSERT], 2040us, 0
[INSERT], 2050us, 0
[INSERT], 2060us, 0
[INSERT], 2070us, 0
[INSERT], 2080us, 0
[INSERT], 2090us, 0
[INSERT], 2100us, 0
[INSERT], 2110us, 0
[INSERT], 2120us, 0
[INSERT], 2130us, 0
[INSERT], 2140us, 0
[INSERT], 2150us, 0
[INSERT], 2160us, 0
[INSERT], 2170us, 0
[INSERT], 2180us, 0
[INSERT], 2190us, 0
[INSERT], 2200us, 0
[INSERT], 2210us, 0
[INSERT], 2220us, 0
[INSERT], 2230us, 0
[INSERT], 2240us, 0
[INSERT], 2250us, 0
[INSERT], 2260us, 0
[INSERT], 2270us, 0
[INSERT], 2280us, 0
[INSERT], 2290us, 0
[INSERT], 2300us, 0
[INSERT], 2310us, 0
[INSERT], 2320us, 0
[INSERT], 2330us, 0
[INSERT], 2340us, 0
[INSERT], 2350us, 0
[INSERT], 2360us, 0
[INSERT], 2370us, 0
[INSERT], 2380us, 0
[INSERT], 2390us, 0
[INSERT], 2400us, 0
[INSERT], 2410us, 0
[INSERT], 2420us, 0
[INSERT], 2430us, 0
[INSERT], 2440us, 0
[INSERT], 2450us, 0
[INSERT], 2460us, 0
[INSERT], 2470us, 0
[INSERT], 2480us, 0
[INSERT], 2490us, 0
[INSERT], 2500us, 0
[INSERT], 2510us, 0
[INSERT], 2520us, 0
[INSERT], 2530us, 0
[INSERT], 2540us, 0
[INSERT], 2550us, 0
[INSERT], 2560us, 0
[INSERT], 2570us, 0
[INSERT], 2580us, 0
[INSERT], 2590us, 0
[INSERT], 2600us, 0
[INSERT], 2610us, 0
[INSERT], 2620us, 0
[INSERT], 2630us, 0
[INSERT], 2640us, 0
[INSERT], 2650us, 0
[INSERT], 2660us, 0
[INSERT], 2670us, 0
[INSERT], 2680us, 0
[INSERT], 2690us, 0
[INSERT], 2700us, 0
[INSERT], 2710us, 0
[INSERT], 2720us, 0
[INSERT], 2730us, 0
[INSERT], 2740us, 0
[INSERT], 2750us, 0
[INSERT], 2760us, 0
[INSERT], 2770us, 0
[INSERT], 2780us, 0
[INSERT], 2790us, 0
[INSERT], 2800us, 0
[INSERT], 2810us, 0
[INSERT], 2820us, 0
[INSERT], 2830us, 0
[INSERT], 2840us, 0
[INSERT], 2850us, 0
[INSERT], 2860us, 0
[INSERT], 2870us, 0
[INSERT], 2880us, 0
[INSERT], 2890us, 0
[INSERT], 2900us, 0
[INSERT], 2910us, 0
[INSERT], 2920us, 0
[INSERT], 2930us, 0
[INSERT], 2940us, 0
[INSERT], 2950us, 0
[INSERT], 2960us, 0
[INSERT], 2970us, 0
[INSERT], 2980us, 0
[INSERT], 2990us, 0
[INSERT], 3000us, 0
[INSERT], 3010us, 0
[INSERT], 3020us, 0
[INSERT], 3030us, 0
[INSERT], 3040us, 0
[INSERT], 3050us, 0
[INSERT], 3060us, 0
[INSERT], 3070us, 0
[INSERT], 3080us, 0
[INSERT], 3090us, 0
[INSERT], 3100us, 0
[INSERT], 3110us, 0
[INSERT], 3120us, 0
[INSERT], 3130us, 0
[INSERT], 3140us, 0
[INSERT], 3150us, 0
[INSERT], 3160us, 0
[INSERT], 3170us, 0
[INSERT], 3180us, 0
[INSERT], 3190us, 0
[INSERT], 3200us, 0
[INSERT], 3210us, 0
[INSERT], 3220us, 0
[INSERT], 3230us, 0
[INSERT], 3240us, 0
[INSERT], 3250us, 0
[INSERT], 3260us, 0
[INSERT], 3270us, 0
[INSERT], 3280us, 0
[INSERT], 3290us, 0
[INSERT], 3300us, 0
[INSERT], 3310us, 0
[INSERT], 3320us, 0
[INSERT], 3330us, 0
[INSERT], 3340us, 0
[INSERT], 3350us, 0
[INSERT], 3360us, 0
[INSERT], 3370us, 0
[INSERT], 3380us, 0
[INSERT], 3390us, 0
[INSERT], 3400us, 0
[INSERT], 3410us, 0
[INSERT], 3420us, 0
[INSERT], 3430us, 0
[INSERT], 3440us, 0
[INSERT], 3450us, 0
[INSERT], 3460us, 0
[INSERT], 3470us, 0
[INSERT], 3480us, 0
[INSERT], 3490us, 0
[INSERT], 3500us, 0
[INSERT], 3510us, 0
[INSERT], 3520us, 0
[INSERT], 3530us, 0
[INSERT], 3540us, 0
[INSERT], 3550us, 0
[INSERT], 3560us, 0
[INSERT], 3570us, 0
[INSERT], 3580us, 0
[INSERT], 3590us, 0
[INSERT], 3600us, 0
[INSERT], 3610us, 0
[INSERT], 3620us, 0
[INSERT], 3630us, 0
[INSERT], 3640us, 0
[INSERT], 3650us, 0
[INSERT], 3660us, 0
[INSERT], 3670us, 0
[INSERT], 3680us, 0
[INSERT], 3690us, 0
[INSERT], 3700us, 0
[INSERT], 3710us, 0
[INSERT], 3720us, 0
[INSERT], 3730us, 0
[INSERT], 3740us, 0
[INSERT], 3750us, 0
[INSERT], 3760us, 0
[INSERT], 3770us, 0
[INSERT], 3780us, 0
[INSERT], 3790us, 0
[INSERT], 3800us, 0
[INSERT], 3810us, 0
[INSERT], 3820us, 0
[INSERT], 3830us, 0
[INSERT], 3840us, 0
[INSERT], 3850us, 0
[INSERT], 3860us, 0
[INSERT], 3870us, 0
[INSERT], 3880us, 0
[INSERT], 3890us, 0
[INSERT], 3900us, 0
[INSERT], 3910us, 0
[INSERT], 3920us, 0
[INSERT], 3930us, 0
[INSERT], 3940us, 0
[INSERT], 3950us, 0
[INSERT], 3960us, 0
[INSERT], 3970us, 0
[INSERT], 3980us, 0
[INSERT], 3990us, 0
[INSERT], 4000us, 0
[INSERT], 4010us, 0
[INSERT], 4020us, 0
[INSERT], 4030us, 0
[INSERT], 4040us, 0
[INSERT], 4050us, 0
[INSERT], 4060us, 0
[INSERT], 4070us, 0
[INSERT], 4080us, 0
[INSERT], 4090us, 0
[INSERT], 4100us, 0
[INSERT], 4110us, 0
[INSERT], 4120us, 0
[INSERT], 4130us, 0
[INSERT], 4140us, 0
[INSERT], 4150us, 0
[INSERT], 4160us, 0
[INSERT], 4170us, 0
[INSERT], 4180us, 0
[INSERT], 4190us, 0
[INSERT], 4200us, 0
[INSERT], 4210us, 0
[INSERT], 4220us, 0
[INSERT], 4230us, 0
[INSERT], 4240us, 0
[INSERT], 4250us, 0
[INSERT], 4260us, 0
[INSERT], 4270us, 0
[INSERT], 4280us, 0
[INSERT], 4290us, 0
[INSERT], 4300us, 0
[INSERT], 4310us, 0
[INSERT], 4320us, 0
[INSERT], 4330us, 0
[INSERT], 4340us, 0
[INSERT], 4350us, 0
[INSERT], 4360us, 0
[INSERT], 4370us, 0
[INSERT], 4380us, 0
[INSERT], 4390us, 0
[INSERT], 4400us, 0
[INSERT], 4410us, 0
[INSERT], 4420us, 0
[INSERT], 4430us, 0
[INSERT], 4440us, 0
[INSERT], 4450us, 0
[INSERT], 4460us, 0
[INSERT], 4470us, 0
[INSERT], 4480us, 0
[INSERT], 4490us, 0
[INSERT], 4500us, 0
[INSERT], 4510us, 0
[INSERT], 4520us, 0
[INSERT], 4530us, 0
[INSERT], 4540us, 0
[INSERT], 4550us, 0
[INSERT], 4560us, 0
[INSERT], 4570us, 0
[INSERT], 4580us, 0
[INSERT], 4590us, 0
[INSERT], 4600us, 0
[INSERT], 4610us, 0
[INSERT], 4620us, 0
[INSERT], 4630us, 0
[INSERT], 4640us, 0
[INSERT], 4650us, 0
[INSERT], 4660us, 0
[INSERT], 4670us, 0
[INSERT], 4680us, 0
[INSERT], 4690us, 0
[INSERT], 4700us, 0
[INSERT], 4710us, 0
[INSERT], 4720us, 0
[INSERT], 4730us, 0
[INSERT], 4740us, 0
[INSERT], 4750us, 0
[INSERT], 4760us, 0
[INSERT], 4770us, 0
[INSERT], 4780us, 0
[INSERT], 4790us, 0
[INSERT], 4800us, 0
[INSERT], 4810us, 0
[INSERT], 4820us, 0
[INSERT], 4830us, 0
[INSERT], 4840us, 0
[INSERT], 4850us, 0
[INSERT], 4860us, 0
[INSERT], 4870us, 0
[INSERT], 4880us, 0
[INSERT], 4890us, 0
[INSERT], 4900us, 0
[INSERT], 4910us, 0
[INSERT], 4920us, 0
[INSERT], 4930us, 0
[INSERT], 4940us, 0
[INSERT], 4950us, 0
[INSERT], 4960us, 0
[INSERT], 4970us, 0
[INSERT], 4980us, 0
[INSERT], 4990us, 0
[INSERT], 5000us, 0
[INSERT], 5010us, 0
[INSERT], 5020us, 0
[INSERT], 5030us, 0
[INSERT], 5040us, 0
[INSERT], 5050us, 0
[INSERT], 5060us, 0
[INSERT], 5070us, 0
[INSERT], 5080us, 0
[INSERT], 5090us, 0
[INSERT], 5100us, 0
[INSERT], 5110us, 0
[INSERT], 5120us, 0
[INSERT], 5130us, 0
[INSERT], 5140us, 0
[INSERT], 5150us, 0
[INSERT], 5160us, 0
[INSERT], 5170us, 0
[INSERT], 5180us, 0
[INSERT], 5190us, 0
[INSERT], 5200us, 0
[INSERT], 5210us, 0
[INSERT], 5220us, 0
[INSERT], 5230us, 0
[INSERT], 5240us, 0
[INSERT], 5250us, 0
[INSERT], 5260us, 0
[INSERT], 5270us, 0
[INSERT], 5280us, 0
[INSERT], 5290us, 0
[INSERT], 5300us, 0
[INSERT], 5310us, 0
[INSERT], 5320us, 0
[INSERT], 5330us, 0
[INSERT], 5340us, 0
[INSERT], 5350us, 0
[INSERT], 5360us, 0
[INSERT], 5370us, 0
[INSERT], 5380us, 0
[INSERT], 5390us, 0
[INSERT], 5400us, 0
[INSERT], 5410us, 0
[INSERT], 5420us, 0
[INSERT], 5430us, 0
[INSERT], 5440us, 0
[INSERT], 5450us, 0
[INSERT], 5460us, 0
[INSERT], 5470us, 0
[INSERT], 5480us, 0
[INSERT], 5490us, 0
[INSERT], 5500us, 0
[INSERT], 5510us, 0
[INSERT], 5520us, 0
[INSERT], 5530us, 0
[INSERT], 5540us, 0
[INSERT], 5550us, 0
[INSERT], 5560us, 0
[INSERT], 5570us, 0
[INSERT], 5580us, 0
[INSERT], 5590us, 0
[INSERT], 5600us, 0
[INSERT], 5610us, 0
[INSERT], 5620us, 0
[INSERT], 5630us, 0
[INSERT], 5640us, 0
[INSERT], 5650us, 0
[INSERT], 5660us, 0
[INSERT], 5670us, 0
[INSERT], 5680us, 0
[INSERT], 5690us, 0
[INSERT], 5700us, 0
[INSERT], 5710us, 0
[INSERT], 5720us, 0
[INSERT], 5730us, 0
[INSERT], 5740us, 0
[INSERT], 5750us, 0
[INSERT], 5760us, 0
[INSERT], 5770us, 0
[INSERT], 5780us, 0
[INSERT], 5790us, 0
[INSERT], 5800us, 0
[INSERT], 5810us, 0
[INSERT], 5820us, 0
[INSERT], 5830us, 0
[INSERT], 5840us, 0
[INSERT], 5850us, 0
[INSERT], 5860us, 0
[INSERT], 5870us, 0
[INSERT], 5880us, 0
[INSERT], 5890us, 0
[INSERT], 5900us, 0
[INSERT], 5910us, 0
[INSERT], 5920us, 0
[INSERT], 5930us, 0
[INSERT], 5940us, 0
[INSERT], 5950us, 0
[INSERT], 5960us, 0
[INSERT], 5970us, 0
[INSERT], 5980us, 0
[INSERT], 5990us, 0
[INSERT], 6000us, 0
[INSERT], 6010us, 0
[INSERT], 6020us, 0
[INSERT], 6030us, 0
[INSERT], 6040us, 0
[INSERT], 6050us, 0
[INSERT], 6060us, 0
[INSERT], 6070us, 0
[INSERT], 6080us, 0
[INSERT], 6090us, 0
[INSERT], 6100us, 0
[INSERT], 6110us, 0
[INSERT], 6120us, 0
[INSERT], 6130us, 0
[INSERT], 6140us, 0
[INSERT], 6150us, 0
[INSERT], 6160us, 0
[INSERT], 6170us, 0
[INSERT], 6180us, 0
[INSERT], 6190us, 0
[INSERT], 6200us, 0
[INSERT], 6210us, 0
[INSERT], 6220us, 0
[INSERT], 6230us, 0
[INSERT], 6240us, 0
[INSERT], 6250us, 0
[INSERT], 6260us, 0
[INSERT], 6270us, 0
[INSERT], 6280us, 0
[INSERT], 6290us, 0
[INSERT], 6300us, 0
[INSERT], 6310us, 0
[INSERT], 6320us, 0
[INSERT], 6330us, 0
[INSERT], 6340us, 0
[INSERT], 6350us, 0
[INSERT], 6360us, 0
[INSERT], 6370us, 0
[INSERT], 6380us, 0
[INSERT], 6390us, 0
[INSERT], 6400us, 0
[INSERT], 6410us, 0
[INSERT], 6420us, 0
[INSERT], 6430us, 0
[INSERT], 6440us, 0
[INSERT], 6450us, 0
[INSERT], 6460us, 0
[INSERT], 6470us, 0
[INSERT], 6480us, 0
[INSERT], 6490us, 0
[INSERT], 6500us, 0
[INSERT], 6510us, 0
[INSERT], 6520us, 0
[INSERT], 6530us, 0
[INSERT], 6540us, 0
[INSERT], 6550us, 0
[INSERT], 6560us, 0
[INSERT], 6570us, 0
[INSERT], 6580us, 0
[INSERT], 6590us, 0
[INSERT], 6600us, 0
[INSERT], 6610us, 0
[INSERT], 6620us, 0
[INSERT], 6630us, 0
[INSERT], 6640us, 0
[INSERT], 6650us, 0
[INSERT], 6660us, 0
[INSERT], 6670us, 0
[INSERT], 6680us, 0
[INSERT], 6690us, 0
[INSERT], 6700us, 0
[INSERT], 6710us, 0
[INSERT], 6720us, 0
[INSERT], 6730us, 0
[INSERT], 6740us, 0
[INSERT], 6750us, 0
[INSERT], 6760us, 0
[INSERT], 6770us, 0
[INSERT], 6780us, 0
[INSERT], 6790us, 0
[INSERT], 6800us, 0
[INSERT], 6810us, 0
[INSERT], 6820us, 0
[INSERT], 6830us, 0
[INSERT], 6840us, 0
[INSERT], 6850us, 0
[INSERT], 6860us, 0
[INSERT], 6870us, 0
[INSERT], 6880us, 0
[INSERT], 6890us, 0
[INSERT], 6900us, 0
[INSERT], 6910us, 0
[INSERT], 6920us, 0
[INSERT], 6930us, 0
[INSERT], 6940us, 0
[INSERT], 6950us, 0
[INSERT], 6960us, 0
[INSERT], 6970us, 0
[INSERT], 6980us, 0
[INSERT], 6990us, 0
[INSERT], 7000us, 0
[INSERT], 7010us, 0
[INSERT], 7020us, 0
[INSERT], 7030us, 0
[INSERT], 7040us, 0
[INSERT], 7050us, 0
[INSERT], 7060us, 0
[INSERT], 7070us, 0
[INSERT], 7080us, 0
[INSERT], 7090us, 0
[INSERT], 7100us, 0
[INSERT], 7110us, 0
[INSERT], 7120us, 0
[INSERT], 7130us, 0
[INSERT], 7140us, 0
[INSERT], 7150us, 0
[INSERT], 7160us, 0
[INSERT], 7170us, 0
[INSERT], 7180us, 0
[INSERT], 7190us, 0
[INSERT], 7200us, 0
[INSERT], 7210us, 0
[INSERT], 7220us, 0
[INSERT], 7230us, 0
[INSERT], 7240us, 0
[INSERT], 7250us, 0
[INSERT], 7260us, 0
[INSERT], 7270us, 0
[INSERT], 7280us, 0
[INSERT], 7290us, 0
[INSERT], 7300us, 0
[INSERT], 7310us, 0
[INSERT], 7320us, 0
[INSERT], 7330us, 0
[INSERT], 7340us, 0
[INSERT], 7350us, 0
[INSERT], 7360us, 0
[INSERT], 7370us, 0
[INSERT], 7380us, 0
[INSERT], 7390us, 0
[INSERT], 7400us, 0
[INSERT], 7410us, 0
[INSERT], 7420us, 0
[INSERT], 7430us, 0
[INSERT], 7440us, 0
[INSERT], 7450us, 0
[INSERT], 7460us, 0
[INSERT], 7470us, 0
[INSERT], 7480us, 0
[INSERT], 7490us, 0
[INSERT], 7500us, 0
[INSERT], 7510us, 0
[INSERT], 7520us, 0
[INSERT], 7530us, 0
[INSERT], 7540us, 0
[INSERT], 7550us, 0
[INSERT], 7560us, 0
[INSERT], 7570us, 0
[INSERT], 7580us, 0
[INSERT], 7590us, 0
[INSERT], 7600us, 0
[INSERT], 7610us, 0
[INSERT], 7620us, 0
[INSERT], 7630us, 0
[INSERT], 7640us, 0
[INSERT], 7650us, 0
[INSERT], 7660us, 0
[INSERT], 7670us, 0
[INSERT], 7680us, 0
[INSERT], 7690us, 0
[INSERT], 7700us, 0
[INSERT], 7710us, 0
[INSERT], 7720us, 0
[INSERT], 7730us, 0
[INSERT], 7740us, 0
[INSERT], 7750us, 0
[INSERT], 7760us, 0
[INSERT], 7770us, 0
[INSERT], 7780us, 0
[INSERT], 7790us, 0
[INSERT], 7800us, 0
[INSERT], 7810us, 0
[INSERT], 7820us, 0
[INSERT], 7830us, 0
[INSERT], 7840us, 0
[INSERT], 7850us, 0
[INSERT], 7860us, 0
[INSERT], 7870us, 0
[INSERT], 7880us, 0
[INSERT], 7890us, 0
[INSERT], 7900us, 0
[INSERT], 7910us, 0
[INSERT], 7920us, 0
[INSERT], 7930us, 0
[INSERT], 7940us, 0
[INSERT], 7950us, 0
[INSERT], 7960us, 0
[INSERT], 7970us, 0
[INSERT], 7980us, 0
[INSERT], 7990us, 0
[INSERT], 8000us, 0
[INSERT], 8010us, 0
[INSERT], 8020us, 0
[INSERT], 8030us, 0
[INSERT], 8040us, 0
[INSERT], 8050us, 0
[INSERT], 8060us, 0
[INSERT], 8070us, 0
[INSERT], 8080us, 0
[INSERT], 8090us, 0
[INSERT], 8100us, 0
[INSERT], 8110us, 0
[INSERT], 8120us, 0
[INSERT], 8130us, 0
[INSERT], 8140us, 0
[INSERT], 8150us, 0
[INSERT], 8160us, 0
[INSERT], 8170us, 0
[INSERT], 8180us, 0
[INSERT], 8190us, 0
[INSERT], 8200us, 0
[INSERT], 8210us, 0
[INSERT], 8220us, 0
[INSERT], 8230us, 0
[INSERT], 8240us, 0
[INSERT], 8250us, 0
[INSERT], 8260us, 0
[INSERT], 8270us, 0
[INSERT], 8280us, 0
[INSERT], 8290us, 0
[INSERT], 8300us, 0
[INSERT], 8310us, 0
[INSERT], 8320us, 0
[INSERT], 8330us, 0
[INSERT], 8340us, 0
[INSERT], 8350us, 0
[INSERT], 8360us, 0
[INSERT], 8370us, 0
[INSERT], 8380us, 0
[INSERT], 8390us, 0
[INSERT], 8400us, 0
[INSERT], 8410us, 0
[INSERT], 8420us, 0
[INSERT], 8430us, 0
[INSERT], 8440us, 0
[INSERT], 8450us, 0
[INSERT], 8460us, 0
[INSERT], 8470us, 0
[INSERT], 8480us, 0
[INSERT], 8490us, 0
[INSERT], 8500us, 0
[INSERT], 8510us, 0
[INSERT], 8520us, 0
[INSERT], 8530us, 0
[INSERT], 8540us, 0
[INSERT], 8550us, 0
[INSERT], 8560us, 0
[INSERT], 8570us, 0
[INSERT], 8580us, 0
[INSERT], 8590us, 0
[INSERT], 8600us, 0
[INSERT], 8610us, 0
[INSERT], 8620us, 0
[INSERT], 8630us, 0
[INSERT], 8640us, 0
[INSERT], 8650us, 0
[INSERT], 8660us, 0
[INSERT], 8670us, 0
[INSERT], 8680us, 0
[INSERT], 8690us, 0
[INSERT], 8700us, 0
[INSERT], 8710us, 0
[INSERT], 8720us, 0
[INSERT], 8730us, 0
[INSERT], 8740us, 0
[INSERT], 8750us, 0
[INSERT], 8760us, 0
[INSERT], 8770us, 0
[INSERT], 8780us, 0
[INSERT], 8790us, 0
[INSERT], 8800us, 0
[INSERT], 8810us, 0
[INSERT], 8820us, 0
[INSERT], 8830us, 0
[INSERT], 8840us, 0
[INSERT], 8850us, 0
[INSERT], 8860us, 0
[INSERT], 8870us, 0
[INSERT], 8880us, 0
[INSERT], 8890us, 0
[INSERT], 8900us, 0
[INSERT], 8910us, 0
[INSERT], 8920us, 0
[INSERT], 8930us, 0
[INSERT], 8940us, 0
[INSERT], 8950us, 0
[INSERT], 8960us, 0
[INSERT], 8970us, 0
[INSERT], 8980us, 0
[INSERT], 8990us, 0
[INSERT], 9000us, 0
[INSERT], 9010us, 0
[INSERT], 9020us, 0
[INSERT], 9030us, 0
[INSERT], 9040us, 0
[INSERT], 9050us, 0
[INSERT], 9060us, 0
[INSERT], 9070us, 0
[INSERT], 9080us, 0
[INSERT], 9090us, 0
[INSERT], 9100us, 0
[INSERT], 9110us, 0
[INSERT], 9120us, 0
[INSERT], 9130us, 0
[INSERT], 9140us, 0
[INSERT], 9150us, 0
[INSERT], 9160us, 0
[INSERT], 9170us, 0
[INSERT], 9180us, 0
[INSERT], 9190us, 0
[INSERT], 9200us, 0
[INSERT], 9210us, 0
[INSERT], 9220us, 0
[INSERT], 9230us, 0
[INSERT], 9240us, 0
[INSERT], 9250us, 0
[INSERT], 9260us, 0
[INSERT], 9270us, 0
[INSERT], 9280us, 0
[INSERT], 9290us, 0
[INSERT], 9300us, 0
[INSERT], 9310us, 0
[INSERT], 9320us, 0
[INSERT], 9330us, 0
[INSERT], 9340us, 0
[INSERT], 9350us, 0
[INSERT], 9360us, 0
[INSERT], 9370us, 0
[INSERT], 9380us, 0
[INSERT], 9390us, 0
[INSERT], 9400us, 0
[INSERT], 9410us, 0
[INSERT], 9420us, 0
[INSERT], 9430us, 0
[INSERT], 9440us, 0
[INSERT], 9450us, 0
[INSERT], 9460us, 0
[INSERT], 9470us, 0
[INSERT], 9480us, 0
[INSERT], 9490us, 0
[INSERT], 9500us, 0
[INSERT], 9510us, 0
[INSERT], 9520us, 0
[INSERT], 9530us, 0
[INSERT], 9540us, 0
[INSERT], 9550us, 0
[INSERT], 9560us, 0
[INSERT], 9570us, 0
[INSERT], 9580us, 0
[INSERT], 9590us, 0
[INSERT], 9600us, 0
[INSERT], 9610us, 0
[INSERT], 9620us, 0
[INSERT], 9630us, 0
[INSERT], 9640us, 0
[INSERT], 9650us, 0
[INSERT], 9660us, 0
[INSERT], 9670us, 0
[INSERT], 9680us, 0
[INSERT], 9690us, 0
[INSERT], 9700us, 0
[INSERT], 9710us, 0
[INSERT], 9720us, 0
[INSERT], 9730us, 0
[INSERT], 9740us, 0
[INSERT], 9750us, 0
[INSERT], 9760us, 0
[INSERT], 9770us, 0
[INSERT], 9780us, 0
[INSERT], 9790us, 0
[INSERT], 9800us, 0
[INSERT], 9810us, 0
[INSERT], 9820us, 0
[INSERT], 9830us, 0
[INSERT], 9840us, 0
[INSERT], 9850us, 0
[INSERT], 9860us, 0
[INSERT], 9870us, 0
[INSERT], 9880us, 0
[INSERT], 9890us, 0
[INSERT], 9900us, 0
[INSERT], 9910us, 0
[INSERT], 9920us, 0
[INSERT], 9930us, 0
[INSERT], 9940us, 0
[INSERT], 9950us, 0
[INSERT], 9960us, 0
[INSERT], 9970us, 0
[INSERT], 9980us, 0
[INSERT], 9990us, 0
[INSERT], >1000, 1
java -cp /Users/aaron/Desktop/Reading-CS/Year-3/YCSB-A/YCSB/ycsb-mongodb/core/target/core-0.1.4.jar:/Users/aaron/Desktop/Reading-CS/Year-3/YCSB-A/YCSB/ycsb-mongodb/mongodb/target/mongodb-binding-0.1.4.jar:/Users/aaron/Desktop/Reading-CS/Year-3/YCSB-A/YCSB/ycsb-mongodb/mongodb/target/archive-tmp/mongodb-binding-0.1.4.jar com.yahoo.ycsb.Client -db com.yahoo.ycsb.db.MongoDbClient -s -P ../YCSB/ycsb-mongodb/workloads/workloada -p  mongodb.url=mongodb://172.31.26.152:27017,172.31.18.215:27017,172.31.27.18:27017/?replicaSet=rs0 -p insertcount=1000 -p insertstart=0 -p recordcount=1000 -load
